{"/Users/tjeastmond/Projects/cribl.dev/src/app/reader/main.ts": {"path":"/Users/tjeastmond/Projects/cribl.dev/src/app/reader/main.ts","statementMap":{"0":{"start":{"line":55,"column":0},"end":{"line":55,"column":7}},"1":{"start":{"line":1,"column":0},"end":{"line":1,"column":25}},"2":{"start":{"line":2,"column":0},"end":{"line":2,"column":36}},"3":{"start":{"line":11,"column":17},"end":{"line":11,"column":54}},"4":{"start":{"line":12,"column":2},"end":{"line":16,"column":3}},"5":{"start":{"line":13,"column":4},"end":{"line":13,"column":58}},"6":{"start":{"line":15,"column":4},"end":{"line":15,"column":25}},"7":{"start":{"line":20,"column":16},"end":{"line":20,"column":48}},"8":{"start":{"line":21,"column":19},"end":{"line":21,"column":29}},"9":{"start":{"line":22,"column":20},"end":{"line":22,"column":24}},"10":{"start":{"line":24,"column":25},"end":{"line":24,"column":33}},"11":{"start":{"line":25,"column":23},"end":{"line":25,"column":46}},"12":{"start":{"line":26,"column":24},"end":{"line":26,"column":26}},"13":{"start":{"line":27,"column":27},"end":{"line":27,"column":29}},"14":{"start":{"line":30,"column":4},"end":{"line":30,"column":30}},"15":{"start":{"line":30,"column":23},"end":{"line":30,"column":30}},"16":{"start":{"line":32,"column":4},"end":{"line":32,"column":45}},"17":{"start":{"line":33,"column":21},"end":{"line":33,"column":50}},"18":{"start":{"line":34,"column":4},"end":{"line":34,"column":25}},"19":{"start":{"line":36,"column":4},"end":{"line":36,"column":63}},"20":{"start":{"line":37,"column":4},"end":{"line":37,"column":62}},"21":{"start":{"line":39,"column":4},"end":{"line":43,"column":5}},"22":{"start":{"line":40,"column":27},"end":{"line":40,"column":48}},"23":{"start":{"line":41,"column":6},"end":{"line":41,"column":50}},"24":{"start":{"line":42,"column":6},"end":{"line":42,"column":55}},"25":{"start":{"line":45,"column":4},"end":{"line":45,"column":19}},"26":{"start":{"line":49,"column":4},"end":{"line":49,"column":25}},"27":{"start":{"line":52,"column":2},"end":{"line":52,"column":24}},"28":{"start":{"line":56,"column":15},"end":{"line":56,"column":46}},"29":{"start":{"line":57,"column":16},"end":{"line":57,"column":34}},"30":{"start":{"line":58,"column":25},"end":{"line":58,"column":27}},"31":{"start":{"line":60,"column":2},"end":{"line":67,"column":3}},"32":{"start":{"line":61,"column":18},"end":{"line":61,"column":37}},"33":{"start":{"line":63,"column":4},"end":{"line":66,"column":5}},"34":{"start":{"line":64,"column":20},"end":{"line":64,"column":68}},"35":{"start":{"line":65,"column":6},"end":{"line":65,"column":26}},"36":{"start":{"line":69,"column":2},"end":{"line":69,"column":14}}},"fnMap":{"0":{"name":"readPromise","decl":{"start":{"line":4,"column":15},"end":{"line":4,"column":26}},"loc":{"start":{"line":9,"column":25},"end":{"line":17,"column":1}}},"1":{"name":"readFileReverse","decl":{"start":{"line":19,"column":15},"end":{"line":19,"column":30}},"loc":{"start":{"line":19,"column":47},"end":{"line":53,"column":1}}},"2":{"name":"read","decl":{"start":{"line":29,"column":17},"end":{"line":29,"column":21}},"loc":{"start":{"line":29,"column":21},"end":{"line":46,"column":3}}},"3":{"name":"done","decl":{"start":{"line":48,"column":11},"end":{"line":48,"column":15}},"loc":{"start":{"line":48,"column":15},"end":{"line":50,"column":3}}},"4":{"name":"readLogFile","decl":{"start":{"line":55,"column":22},"end":{"line":55,"column":33}},"loc":{"start":{"line":55,"column":95},"end":{"line":70,"column":1}}}},"branchMap":{"0":{"loc":{"start":{"line":30,"column":4},"end":{"line":30,"column":30}},"type":"if","locations":[{"start":{"line":30,"column":4},"end":{"line":30,"column":30}}]},"1":{"loc":{"start":{"line":39,"column":4},"end":{"line":43,"column":5}},"type":"if","locations":[{"start":{"line":39,"column":4},"end":{"line":43,"column":5}}]},"2":{"loc":{"start":{"line":55,"column":52},"end":{"line":55,"column":70}},"type":"default-arg","locations":[{"start":{"line":55,"column":68},"end":{"line":55,"column":70}}]},"3":{"loc":{"start":{"line":55,"column":72},"end":{"line":55,"column":95}},"type":"default-arg","locations":[{"start":{"line":55,"column":93},"end":{"line":55,"column":95}}]},"4":{"loc":{"start":{"line":60,"column":9},"end":{"line":60,"column":46}},"type":"binary-expr","locations":[{"start":{"line":60,"column":9},"end":{"line":60,"column":23}},{"start":{"line":60,"column":27},"end":{"line":60,"column":46}}]},"5":{"loc":{"start":{"line":63,"column":4},"end":{"line":66,"column":5}},"type":"if","locations":[{"start":{"line":63,"column":4},"end":{"line":66,"column":5}}]}},"s":{"0":1,"1":1,"2":1,"3":5,"4":5,"5":5,"6":5,"7":7,"8":6,"9":6,"10":6,"11":6,"12":6,"13":6,"14":5,"15":0,"16":5,"17":5,"18":5,"19":5,"20":5,"21":5,"22":1,"23":1,"24":1,"25":5,"26":11,"27":6,"28":7,"29":6,"30":6,"31":6,"32":5,"33":5,"34":5,"35":5,"36":6},"f":{"0":5,"1":7,"2":5,"3":11,"4":7},"b":{"0":[0],"1":[1],"2":[1],"3":[7],"4":[11,5],"5":[5]}}
,"/Users/tjeastmond/Projects/cribl.dev/src/app/reader/search.ts": {"path":"/Users/tjeastmond/Projects/cribl.dev/src/app/reader/search.ts","statementMap":{"0":{"start":{"line":4,"column":0},"end":{"line":4,"column":16}},"1":{"start":{"line":8,"column":0},"end":{"line":8,"column":16}},"2":{"start":{"line":16,"column":0},"end":{"line":16,"column":16}},"3":{"start":{"line":32,"column":0},"end":{"line":32,"column":16}},"4":{"start":{"line":46,"column":0},"end":{"line":46,"column":16}},"5":{"start":{"line":2,"column":39},"end":{"line":2,"column":45}},"6":{"start":{"line":5,"column":2},"end":{"line":5,"column":88}},"7":{"start":{"line":5,"column":36},"end":{"line":5,"column":86}},"8":{"start":{"line":9,"column":22},"end":{"line":9,"column":36}},"9":{"start":{"line":10,"column":16},"end":{"line":10,"column":45}},"10":{"start":{"line":11,"column":19},"end":{"line":11,"column":80}},"11":{"start":{"line":12,"column":22},"end":{"line":12,"column":73}},"12":{"start":{"line":13,"column":2},"end":{"line":13,"column":33}},"13":{"start":{"line":17,"column":26},"end":{"line":17,"column":28}},"14":{"start":{"line":18,"column":22},"end":{"line":18,"column":26}},"15":{"start":{"line":20,"column":2},"end":{"line":27,"column":3}},"16":{"start":{"line":21,"column":35},"end":{"line":21,"column":61}},"17":{"start":{"line":22,"column":4},"end":{"line":22,"column":31}},"18":{"start":{"line":24,"column":4},"end":{"line":26,"column":5}},"19":{"start":{"line":25,"column":6},"end":{"line":25,"column":27}},"20":{"start":{"line":29,"column":2},"end":{"line":29,"column":15}},"21":{"start":{"line":33,"column":26},"end":{"line":33,"column":28}},"22":{"start":{"line":34,"column":16},"end":{"line":34,"column":32}},"23":{"start":{"line":36,"column":2},"end":{"line":41,"column":3}},"24":{"start":{"line":36,"column":15},"end":{"line":36,"column":31}},"25":{"start":{"line":37,"column":4},"end":{"line":37,"column":38}},"26":{"start":{"line":37,"column":32},"end":{"line":37,"column":38}},"27":{"start":{"line":38,"column":4},"end":{"line":40,"column":5}},"28":{"start":{"line":39,"column":6},"end":{"line":39,"column":27}},"29":{"start":{"line":43,"column":2},"end":{"line":43,"column":15}},"30":{"start":{"line":52,"column":15},"end":{"line":52,"column":71}},"31":{"start":{"line":53,"column":2},"end":{"line":53,"column":38}}},"fnMap":{"0":{"name":"checkString","decl":{"start":{"line":4,"column":16},"end":{"line":4,"column":27}},"loc":{"start":{"line":4,"column":60},"end":{"line":6,"column":1}}},"1":{"name":"(anonymous_1)","decl":{"start":{"line":5,"column":23},"end":{"line":5,"column":24}},"loc":{"start":{"line":5,"column":36},"end":{"line":5,"column":86}}},"2":{"name":"getLastLine","decl":{"start":{"line":8,"column":16},"end":{"line":8,"column":27}},"loc":{"start":{"line":8,"column":40},"end":{"line":14,"column":1}}},"3":{"name":"searchByText","decl":{"start":{"line":16,"column":16},"end":{"line":16,"column":28}},"loc":{"start":{"line":16,"column":82},"end":{"line":30,"column":1}}},"4":{"name":"searchByArray","decl":{"start":{"line":32,"column":16},"end":{"line":32,"column":29}},"loc":{"start":{"line":32,"column":83},"end":{"line":44,"column":1}}},"5":{"name":"searchBy","decl":{"start":{"line":46,"column":16},"end":{"line":46,"column":24}},"loc":{"start":{"line":50,"column":48},"end":{"line":54,"column":1}}}},"branchMap":{"0":{"loc":{"start":{"line":11,"column":19},"end":{"line":11,"column":80}},"type":"cond-expr","locations":[{"start":{"line":11,"column":34},"end":{"line":11,"column":45}},{"start":{"line":11,"column":48},"end":{"line":11,"column":80}}]},"1":{"loc":{"start":{"line":12,"column":22},"end":{"line":12,"column":73}},"type":"cond-expr","locations":[{"start":{"line":12,"column":37},"end":{"line":12,"column":39}},{"start":{"line":12,"column":42},"end":{"line":12,"column":73}}]},"2":{"loc":{"start":{"line":16,"column":59},"end":{"line":16,"column":82}},"type":"default-arg","locations":[{"start":{"line":16,"column":80},"end":{"line":16,"column":82}}]},"3":{"loc":{"start":{"line":20,"column":9},"end":{"line":20,"column":58}},"type":"binary-expr","locations":[{"start":{"line":20,"column":9},"end":{"line":20,"column":33}},{"start":{"line":20,"column":37},"end":{"line":20,"column":58}}]},"4":{"loc":{"start":{"line":24,"column":4},"end":{"line":26,"column":5}},"type":"if","locations":[{"start":{"line":24,"column":4},"end":{"line":26,"column":5}}]},"5":{"loc":{"start":{"line":24,"column":8},"end":{"line":24,"column":59}},"type":"binary-expr","locations":[{"start":{"line":24,"column":8},"end":{"line":24,"column":24}},{"start":{"line":24,"column":28},"end":{"line":24,"column":59}}]},"6":{"loc":{"start":{"line":32,"column":60},"end":{"line":32,"column":83}},"type":"default-arg","locations":[{"start":{"line":32,"column":81},"end":{"line":32,"column":83}}]},"7":{"loc":{"start":{"line":37,"column":4},"end":{"line":37,"column":38}},"type":"if","locations":[{"start":{"line":37,"column":4},"end":{"line":37,"column":38}}]},"8":{"loc":{"start":{"line":38,"column":4},"end":{"line":40,"column":5}},"type":"if","locations":[{"start":{"line":38,"column":4},"end":{"line":40,"column":5}}]},"9":{"loc":{"start":{"line":38,"column":8},"end":{"line":38,"column":59}},"type":"binary-expr","locations":[{"start":{"line":38,"column":8},"end":{"line":38,"column":24}},{"start":{"line":38,"column":28},"end":{"line":38,"column":59}}]},"10":{"loc":{"start":{"line":49,"column":2},"end":{"line":49,"column":25}},"type":"default-arg","locations":[{"start":{"line":49,"column":23},"end":{"line":49,"column":25}}]},"11":{"loc":{"start":{"line":50,"column":2},"end":{"line":50,"column":48}},"type":"default-arg","locations":[{"start":{"line":50,"column":32},"end":{"line":50,"column":48}}]},"12":{"loc":{"start":{"line":52,"column":15},"end":{"line":52,"column":71}},"type":"cond-expr","locations":[{"start":{"line":52,"column":43},"end":{"line":52,"column":56}},{"start":{"line":52,"column":59},"end":{"line":52,"column":71}}]}},"s":{"0":2,"1":2,"2":2,"3":2,"4":2,"5":2,"6":12,"7":13,"8":22,"9":22,"10":22,"11":22,"12":22,"13":7,"14":7,"15":7,"16":21,"17":21,"18":21,"19":19,"20":7,"21":2,"22":2,"23":2,"24":2,"25":6,"26":0,"27":6,"28":2,"29":2,"30":7,"31":7},"f":{"0":12,"1":13,"2":22,"3":7,"4":2,"5":7},"b":{"0":[5,17],"1":[5,17],"2":[0],"3":[28,23],"4":[19],"5":[21,4],"6":[0],"7":[0],"8":[2],"9":[6,6],"10":[0],"11":[6],"12":[1,6]}}
,"/Users/tjeastmond/Projects/cribl.dev/src/routes/serverHandlers.ts": {"path":"/Users/tjeastmond/Projects/cribl.dev/src/routes/serverHandlers.ts","statementMap":{"0":{"start":{"line":3,"column":0},"end":{"line":3,"column":16}},"1":{"start":{"line":8,"column":0},"end":{"line":8,"column":16}},"2":{"start":{"line":20,"column":0},"end":{"line":20,"column":16}},"3":{"start":{"line":4,"column":2},"end":{"line":4,"column":47}},"4":{"start":{"line":9,"column":2},"end":{"line":9,"column":27}},"5":{"start":{"line":10,"column":2},"end":{"line":10,"column":48}},"6":{"start":{"line":21,"column":2},"end":{"line":23,"column":4}},"7":{"start":{"line":22,"column":4},"end":{"line":22,"column":52}}},"fnMap":{"0":{"name":"notFoundHandler","decl":{"start":{"line":3,"column":16},"end":{"line":3,"column":31}},"loc":{"start":{"line":3,"column":75},"end":{"line":5,"column":1}}},"1":{"name":"errorHandler","decl":{"start":{"line":8,"column":16},"end":{"line":8,"column":28}},"loc":{"start":{"line":8,"column":87},"end":{"line":11,"column":1}}},"2":{"name":"asyncHandler","decl":{"start":{"line":20,"column":16},"end":{"line":20,"column":28}},"loc":{"start":{"line":20,"column":41},"end":{"line":24,"column":1}}},"3":{"name":"(anonymous_3)","decl":{"start":{"line":21,"column":9},"end":{"line":21,"column":19}},"loc":{"start":{"line":21,"column":66},"end":{"line":23,"column":3}}}},"branchMap":{},"s":{"0":1,"1":1,"2":1,"3":1,"4":2,"5":2,"6":2,"7":2},"f":{"0":1,"1":2,"2":2,"3":2},"b":{}}
}
