TN:
SF:src/app/reader/main.ts
FN:4,readPromise
FN:19,readFileReverse
FN:29,read
FN:48,done
FN:55,readLogFile
FNF:5
FNH:5
FNDA:5,readPromise
FNDA:7,readFileReverse
FNDA:5,read
FNDA:11,done
FNDA:7,readLogFile
DA:1,1
DA:2,1
DA:11,5
DA:12,5
DA:13,5
DA:15,5
DA:20,7
DA:21,6
DA:22,6
DA:24,6
DA:25,6
DA:26,6
DA:27,6
DA:30,5
DA:32,5
DA:33,5
DA:34,5
DA:36,5
DA:37,5
DA:39,5
DA:40,1
DA:41,1
DA:42,1
DA:45,5
DA:49,11
DA:52,6
DA:55,1
DA:56,7
DA:57,6
DA:58,6
DA:60,6
DA:61,5
DA:63,5
DA:64,5
DA:65,5
DA:69,6
LF:36
LH:36
BRDA:30,0,0,0
BRDA:39,1,0,1
BRDA:55,2,0,1
BRDA:55,3,0,7
BRDA:60,4,0,11
BRDA:60,4,1,5
BRDA:63,5,0,5
BRF:7
BRH:6
end_of_record
TN:
SF:src/app/reader/search.ts
FN:4,checkString
FN:5,(anonymous_1)
FN:8,getLastLine
FN:16,searchByText
FN:32,searchByArray
FN:46,searchBy
FNF:6
FNH:6
FNDA:12,checkString
FNDA:13,(anonymous_1)
FNDA:22,getLastLine
FNDA:7,searchByText
FNDA:2,searchByArray
FNDA:7,searchBy
DA:2,2
DA:4,2
DA:5,13
DA:8,2
DA:9,22
DA:10,22
DA:11,22
DA:12,22
DA:13,22
DA:16,2
DA:17,7
DA:18,7
DA:20,7
DA:21,21
DA:22,21
DA:24,21
DA:25,19
DA:29,7
DA:32,2
DA:33,2
DA:34,2
DA:36,2
DA:37,6
DA:38,6
DA:39,2
DA:43,2
DA:46,2
DA:52,7
DA:53,7
LF:29
LH:29
BRDA:11,0,0,5
BRDA:11,0,1,17
BRDA:12,1,0,5
BRDA:12,1,1,17
BRDA:16,2,0,0
BRDA:20,3,0,28
BRDA:20,3,1,23
BRDA:24,4,0,19
BRDA:24,5,0,21
BRDA:24,5,1,4
BRDA:32,6,0,0
BRDA:37,7,0,0
BRDA:38,8,0,2
BRDA:38,9,0,6
BRDA:38,9,1,6
BRDA:49,10,0,0
BRDA:50,11,0,6
BRDA:52,12,0,1
BRDA:52,12,1,6
BRF:19
BRH:15
end_of_record
TN:
SF:src/routes/serverHandlers.ts
FN:3,notFoundHandler
FN:8,errorHandler
FN:20,asyncHandler
FN:21,(anonymous_3)
FNF:4
FNH:4
FNDA:1,notFoundHandler
FNDA:2,errorHandler
FNDA:2,asyncHandler
FNDA:2,(anonymous_3)
DA:3,1
DA:4,1
DA:8,1
DA:9,2
DA:10,2
DA:20,1
DA:21,2
DA:22,2
LF:8
LH:8
BRF:0
BRH:0
end_of_record
